{"/Users/none/Documents/trabajo/NearDev/github/nullkdev.github.io/src/lib/encryption.ts": {"path":"/Users/none/Documents/trabajo/NearDev/github/nullkdev.github.io/src/lib/encryption.ts","statementMap":{"0":{"start":{"line":12,"column":84},"end":{"line":12,"column":null}},"1":{"start":{"line":13,"column":2},"end":{"line":13,"column":null}},"2":{"start":{"line":16,"column":18},"end":{"line":16,"column":null}},"3":{"start":{"line":17,"column":19},"end":{"line":17,"column":null}},"4":{"start":{"line":18,"column":18},"end":{"line":18,"column":null}},"5":{"start":{"line":19,"column":20},"end":{"line":19,"column":null}},"6":{"start":{"line":20,"column":19},"end":{"line":20,"column":null}},"7":{"start":{"line":21,"column":15},"end":{"line":21,"column":null}},"8":{"start":{"line":24,"column":25},"end":{"line":24,"column":null}},"9":{"start":{"line":25,"column":2},"end":{"line":25,"column":null}},"10":{"start":{"line":29,"column":42},"end":{"line":29,"column":null}},"11":{"start":{"line":30,"column":15},"end":{"line":30,"column":null}},"12":{"start":{"line":31,"column":13},"end":{"line":31,"column":null}},"13":{"start":{"line":32,"column":14},"end":{"line":32,"column":null}},"14":{"start":{"line":34,"column":17},"end":{"line":34,"column":null}},"15":{"start":{"line":35,"column":20},"end":{"line":38,"column":null}},"16":{"start":{"line":40,"column":19},"end":{"line":40,"column":null}},"17":{"start":{"line":41,"column":2},"end":{"line":41,"column":null}},"18":{"start":{"line":48,"column":2},"end":{"line":67,"column":null}},"19":{"start":{"line":49,"column":33},"end":{"line":49,"column":null}},"20":{"start":{"line":50,"column":21},"end":{"line":50,"column":null}},"21":{"start":{"line":52,"column":17},"end":{"line":52,"column":null}},"22":{"start":{"line":53,"column":15},"end":{"line":53,"column":null}},"23":{"start":{"line":54,"column":23},"end":{"line":54,"column":null}},"24":{"start":{"line":56,"column":16},"end":{"line":56,"column":null}},"25":{"start":{"line":57,"column":21},"end":{"line":57,"column":null}},"26":{"start":{"line":59,"column":22},"end":{"line":62,"column":null}},"27":{"start":{"line":64,"column":4},"end":{"line":64,"column":null}},"28":{"start":{"line":66,"column":4},"end":{"line":66,"column":null}},"29":{"start":{"line":71,"column":25},"end":{"line":71,"column":null}},"30":{"start":{"line":72,"column":2},"end":{"line":72,"column":null}},"31":{"start":{"line":76,"column":2},"end":{"line":76,"column":null}},"32":{"start":{"line":84,"column":15},"end":{"line":84,"column":null}},"33":{"start":{"line":85,"column":2},"end":{"line":87,"column":null}},"34":{"start":{"line":86,"column":4},"end":{"line":86,"column":null}},"35":{"start":{"line":88,"column":2},"end":{"line":88,"column":null}},"36":{"start":{"line":92,"column":17},"end":{"line":92,"column":null}},"37":{"start":{"line":93,"column":16},"end":{"line":93,"column":null}},"38":{"start":{"line":94,"column":2},"end":{"line":96,"column":null}},"39":{"start":{"line":94,"column":15},"end":{"line":94,"column":18}},"40":{"start":{"line":95,"column":4},"end":{"line":95,"column":null}},"41":{"start":{"line":97,"column":2},"end":{"line":97,"column":null}},"42":{"start":{"line":104,"column":18},"end":{"line":104,"column":null}},"43":{"start":{"line":105,"column":22},"end":{"line":111,"column":null}},"44":{"start":{"line":112,"column":2},"end":{"line":123,"column":null}},"45":{"start":{"line":130,"column":18},"end":{"line":130,"column":null}},"46":{"start":{"line":132,"column":15},"end":{"line":132,"column":null}},"47":{"start":{"line":133,"column":13},"end":{"line":133,"column":null}},"48":{"start":{"line":134,"column":14},"end":{"line":134,"column":null}},"49":{"start":{"line":136,"column":20},"end":{"line":140,"column":null}},"50":{"start":{"line":142,"column":19},"end":{"line":142,"column":null}},"51":{"start":{"line":143,"column":2},"end":{"line":143,"column":null}},"52":{"start":{"line":144,"column":2},"end":{"line":144,"column":null}},"53":{"start":{"line":145,"column":2},"end":{"line":145,"column":null}},"54":{"start":{"line":147,"column":2},"end":{"line":147,"column":null}},"55":{"start":{"line":154,"column":2},"end":{"line":172,"column":null}},"56":{"start":{"line":155,"column":21},"end":{"line":155,"column":null}},"57":{"start":{"line":157,"column":17},"end":{"line":157,"column":null}},"58":{"start":{"line":158,"column":15},"end":{"line":158,"column":null}},"59":{"start":{"line":159,"column":23},"end":{"line":159,"column":null}},"60":{"start":{"line":161,"column":16},"end":{"line":161,"column":null}},"61":{"start":{"line":163,"column":22},"end":{"line":167,"column":null}},"62":{"start":{"line":169,"column":4},"end":{"line":169,"column":null}},"63":{"start":{"line":171,"column":4},"end":{"line":171,"column":null}},"64":{"start":{"line":176,"column":18},"end":{"line":176,"column":null}},"65":{"start":{"line":177,"column":21},"end":{"line":177,"column":null}},"66":{"start":{"line":178,"column":2},"end":{"line":178,"column":null}},"67":{"start":{"line":185,"column":20},"end":{"line":185,"column":null}},"68":{"start":{"line":186,"column":2},"end":{"line":186,"column":null}},"69":{"start":{"line":193,"column":2},"end":{"line":215,"column":null}},"70":{"start":{"line":194,"column":20},"end":{"line":194,"column":null}},"71":{"start":{"line":195,"column":24},"end":{"line":201,"column":null}},"72":{"start":{"line":202,"column":20},"end":{"line":211,"column":null}},"73":{"start":{"line":212,"column":4},"end":{"line":214,"column":null}},"74":{"start":{"line":213,"column":18},"end":{"line":213,"column":49}},"75":{"start":{"line":217,"column":25},"end":{"line":217,"column":null}},"76":{"start":{"line":218,"column":18},"end":{"line":218,"column":null}},"77":{"start":{"line":219,"column":2},"end":{"line":221,"column":null}},"78":{"start":{"line":220,"column":24},"end":{"line":220,"column":55}}},"fnMap":{"0":{"name":"getNodeCrypto","decl":{"start":{"line":11,"column":9},"end":{"line":11,"column":25}},"loc":{"start":{"line":11,"column":25},"end":{"line":14,"column":null}},"line":11},"1":{"name":"deriveKeyNode","decl":{"start":{"line":23,"column":9},"end":{"line":23,"column":23}},"loc":{"start":{"line":23,"column":64},"end":{"line":26,"column":null}},"line":23},"2":{"name":"encryptContentSync","decl":{"start":{"line":28,"column":16},"end":{"line":28,"column":35}},"loc":{"start":{"line":28,"column":78},"end":{"line":42,"column":null}},"line":28},"3":{"name":"decryptContentSync","decl":{"start":{"line":44,"column":16},"end":{"line":44,"column":null}},"loc":{"start":{"line":47,"column":17},"end":{"line":68,"column":null}},"line":47},"4":{"name":"hashPasswordSync","decl":{"start":{"line":70,"column":16},"end":{"line":70,"column":33}},"loc":{"start":{"line":70,"column":59},"end":{"line":73,"column":null}},"line":70},"5":{"name":"verifyPasswordSync","decl":{"start":{"line":75,"column":16},"end":{"line":75,"column":35}},"loc":{"start":{"line":75,"column":73},"end":{"line":77,"column":null}},"line":75},"6":{"name":"arrayToBase64","decl":{"start":{"line":83,"column":9},"end":{"line":83,"column":23}},"loc":{"start":{"line":83,"column":50},"end":{"line":89,"column":null}},"line":83},"7":{"name":"(anonymous_7)","decl":{"start":{"line":85,"column":16},"end":{"line":85,"column":17}},"loc":{"start":{"line":85,"column":26},"end":{"line":87,"column":3}},"line":85},"8":{"name":"base64ToArray","decl":{"start":{"line":91,"column":9},"end":{"line":91,"column":23}},"loc":{"start":{"line":91,"column":51},"end":{"line":98,"column":null}},"line":91},"9":{"name":"deriveKeyWebCrypto","decl":{"start":{"line":100,"column":15},"end":{"line":100,"column":null}},"loc":{"start":{"line":103,"column":22},"end":{"line":124,"column":null}},"line":103},"10":{"name":"encryptContent","decl":{"start":{"line":126,"column":22},"end":{"line":126,"column":null}},"loc":{"start":{"line":129,"column":19},"end":{"line":148,"column":null}},"line":129},"11":{"name":"decryptContent","decl":{"start":{"line":150,"column":22},"end":{"line":150,"column":null}},"loc":{"start":{"line":153,"column":26},"end":{"line":173,"column":null}},"line":153},"12":{"name":"hashPassword","decl":{"start":{"line":175,"column":22},"end":{"line":175,"column":35}},"loc":{"start":{"line":175,"column":70},"end":{"line":179,"column":null}},"line":175},"13":{"name":"verifyPassword","decl":{"start":{"line":181,"column":22},"end":{"line":181,"column":null}},"loc":{"start":{"line":184,"column":20},"end":{"line":187,"column":null}},"line":184},"14":{"name":"slowHashPassword","decl":{"start":{"line":189,"column":22},"end":{"line":189,"column":null}},"loc":{"start":{"line":192,"column":19},"end":{"line":222,"column":null}},"line":192},"15":{"name":"(anonymous_15)","decl":{"start":{"line":213,"column":11},"end":{"line":213,"column":12}},"loc":{"start":{"line":213,"column":18},"end":{"line":213,"column":49}},"line":213},"16":{"name":"(anonymous_16)","decl":{"start":{"line":220,"column":9},"end":{"line":220,"column":10}},"loc":{"start":{"line":220,"column":24},"end":{"line":220,"column":55}},"line":220}},"branchMap":{"0":{"loc":{"start":{"line":193,"column":2},"end":{"line":215,"column":null}},"type":"if","locations":[{"start":{"line":193,"column":2},"end":{"line":215,"column":null}},{"start":{},"end":{}}],"line":193},"1":{"loc":{"start":{"line":193,"column":6},"end":{"line":193,"column":54}},"type":"binary-expr","locations":[{"start":{"line":193,"column":6},"end":{"line":193,"column":39}},{"start":{"line":193,"column":39},"end":{"line":193,"column":54}}],"line":193}},"s":{"0":54,"1":54,"2":1,"3":1,"4":1,"5":1,"6":1,"7":1,"8":19,"9":19,"10":9,"11":9,"12":9,"13":9,"14":9,"15":9,"16":9,"17":9,"18":10,"19":10,"20":10,"21":10,"22":10,"23":10,"24":10,"25":10,"26":10,"27":10,"28":4,"29":16,"30":16,"31":4,"32":2,"33":2,"34":64,"35":2,"36":1,"37":1,"38":1,"39":1,"40":0,"41":0,"42":1,"43":1,"44":1,"45":1,"46":1,"47":1,"48":1,"49":0,"50":0,"51":0,"52":0,"53":0,"54":0,"55":1,"56":1,"57":1,"58":1,"59":1,"60":1,"61":0,"62":0,"63":1,"64":2,"65":2,"66":2,"67":1,"68":1,"69":1,"70":1,"71":1,"72":1,"73":0,"74":0,"75":0,"76":0,"77":0,"78":0},"f":{"0":54,"1":19,"2":9,"3":10,"4":16,"5":4,"6":2,"7":64,"8":1,"9":1,"10":1,"11":1,"12":2,"13":1,"14":1,"15":0,"16":0},"b":{"0":[1,0],"1":[1,1]},"meta":{"lastBranch":2,"lastFunction":17,"lastStatement":79,"seen":{"f:11:9:11:25":0,"s:12:84:12:Infinity":0,"s:13:2:13:Infinity":1,"s:16:18:16:Infinity":2,"s:17:19:17:Infinity":3,"s:18:18:18:Infinity":4,"s:19:20:19:Infinity":5,"s:20:19:20:Infinity":6,"s:21:15:21:Infinity":7,"f:23:9:23:23":1,"s:24:25:24:Infinity":8,"s:25:2:25:Infinity":9,"f:28:16:28:35":2,"s:29:42:29:Infinity":10,"s:30:15:30:Infinity":11,"s:31:13:31:Infinity":12,"s:32:14:32:Infinity":13,"s:34:17:34:Infinity":14,"s:35:20:38:Infinity":15,"s:40:19:40:Infinity":16,"s:41:2:41:Infinity":17,"f:44:16:44:Infinity":3,"s:48:2:67:Infinity":18,"s:49:33:49:Infinity":19,"s:50:21:50:Infinity":20,"s:52:17:52:Infinity":21,"s:53:15:53:Infinity":22,"s:54:23:54:Infinity":23,"s:56:16:56:Infinity":24,"s:57:21:57:Infinity":25,"s:59:22:62:Infinity":26,"s:64:4:64:Infinity":27,"s:66:4:66:Infinity":28,"f:70:16:70:33":4,"s:71:25:71:Infinity":29,"s:72:2:72:Infinity":30,"f:75:16:75:35":5,"s:76:2:76:Infinity":31,"f:83:9:83:23":6,"s:84:15:84:Infinity":32,"s:85:2:87:Infinity":33,"f:85:16:85:17":7,"s:86:4:86:Infinity":34,"s:88:2:88:Infinity":35,"f:91:9:91:23":8,"s:92:17:92:Infinity":36,"s:93:16:93:Infinity":37,"s:94:2:96:Infinity":38,"s:94:15:94:18":39,"s:95:4:95:Infinity":40,"s:97:2:97:Infinity":41,"f:100:15:100:Infinity":9,"s:104:18:104:Infinity":42,"s:105:22:111:Infinity":43,"s:112:2:123:Infinity":44,"f:126:22:126:Infinity":10,"s:130:18:130:Infinity":45,"s:132:15:132:Infinity":46,"s:133:13:133:Infinity":47,"s:134:14:134:Infinity":48,"s:136:20:140:Infinity":49,"s:142:19:142:Infinity":50,"s:143:2:143:Infinity":51,"s:144:2:144:Infinity":52,"s:145:2:145:Infinity":53,"s:147:2:147:Infinity":54,"f:150:22:150:Infinity":11,"s:154:2:172:Infinity":55,"s:155:21:155:Infinity":56,"s:157:17:157:Infinity":57,"s:158:15:158:Infinity":58,"s:159:23:159:Infinity":59,"s:161:16:161:Infinity":60,"s:163:22:167:Infinity":61,"s:169:4:169:Infinity":62,"s:171:4:171:Infinity":63,"f:175:22:175:35":12,"s:176:18:176:Infinity":64,"s:177:21:177:Infinity":65,"s:178:2:178:Infinity":66,"f:181:22:181:Infinity":13,"s:185:20:185:Infinity":67,"s:186:2:186:Infinity":68,"f:189:22:189:Infinity":14,"b:193:2:215:Infinity:undefined:undefined:undefined:undefined":0,"s:193:2:215:Infinity":69,"b:193:6:193:39:193:39:193:54":1,"s:194:20:194:Infinity":70,"s:195:24:201:Infinity":71,"s:202:20:211:Infinity":72,"s:212:4:214:Infinity":73,"f:213:11:213:12":15,"s:213:18:213:49":74,"s:217:25:217:Infinity":75,"s:218:18:218:Infinity":76,"s:219:2:221:Infinity":77,"f:220:9:220:10":16,"s:220:24:220:55":78}}}
}
